{"C:\\Users\\NITRO\\Documents\\ubareact\\react-app\\src\\App.tsx": {"path":"C:\\Users\\NITRO\\Documents\\ubareact\\react-app\\src\\App.tsx","statementMap":{"0":{"start":{"line":2,"column":0},"end":{"line":2,"column":18}},"1":{"start":{"line":3,"column":0},"end":{"line":3,"column":39}},"2":{"start":{"line":4,"column":0},"end":{"line":4,"column":38}},"3":{"start":{"line":5,"column":0},"end":{"line":5,"column":76}},"4":{"start":{"line":6,"column":0},"end":{"line":6,"column":54}},"5":{"start":{"line":7,"column":0},"end":{"line":7,"column":54}},"6":{"start":{"line":11,"column":2},"end":{"line":21,"column":null}},"7":{"start":{"line":24,"column":0},"end":{"line":24,"column":null}}},"fnMap":{"0":{"name":"App","decl":{"start":{"line":9,"column":9},"end":{"line":9,"column":12}},"loc":{"start":{"line":9,"column":12},"end":{"line":22,"column":1}}}},"branchMap":{},"s":{"0":1,"1":1,"2":1,"3":1,"4":1,"5":1,"6":1,"7":1},"f":{"0":1},"b":{}}
,"C:\\Users\\NITRO\\Documents\\ubareact\\react-app\\src\\main.tsx": {"path":"C:\\Users\\NITRO\\Documents\\ubareact\\react-app\\src\\main.tsx","statementMap":{"0":{"start":{"line":1,"column":0},"end":{"line":1,"column":25}},"1":{"start":{"line":2,"column":0},"end":{"line":2,"column":39}},"2":{"start":{"line":3,"column":0},"end":{"line":3,"column":27}},"3":{"start":{"line":4,"column":0},"end":{"line":4,"column":20}},"4":{"start":{"line":6,"column":0},"end":{"line":10,"column":null}}},"fnMap":{},"branchMap":{},"s":{"0":0,"1":0,"2":0,"3":0,"4":0},"f":{},"b":{}}
,"C:\\Users\\NITRO\\Documents\\ubareact\\react-app\\src\\components\\navbar.tsx": {"path":"C:\\Users\\NITRO\\Documents\\ubareact\\react-app\\src\\components\\navbar.tsx","statementMap":{"0":{"start":{"line":2,"column":0},"end":{"line":2,"column":32}},"1":{"start":{"line":3,"column":0},"end":{"line":3,"column":39}},"2":{"start":{"line":4,"column":0},"end":{"line":4,"column":38}},"3":{"start":{"line":7,"column":24},"end":{"line":164,"column":1}},"4":{"start":{"line":11,"column":44},"end":{"line":11,"column":59}},"5":{"start":{"line":12,"column":21},"end":{"line":12,"column":59}},"6":{"start":{"line":12,"column":27},"end":{"line":12,"column":59}},"7":{"start":{"line":14,"column":2},"end":{"line":56,"column":4}},"8":{"start":{"line":166,"column":0},"end":{"line":166,"column":null}}},"fnMap":{"0":{"name":"(anonymous_1)","decl":{"start":{"line":7,"column":24},"end":{"line":7,"column":27}},"loc":{"start":{"line":7,"column":29},"end":{"line":164,"column":1}}},"1":{"name":"(anonymous_2)","decl":{"start":{"line":12,"column":21},"end":{"line":12,"column":24}},"loc":{"start":{"line":12,"column":27},"end":{"line":12,"column":59}}}},"branchMap":{"0":{"loc":{"start":{"line":37,"column":13},"end":{"line":40,"column":null}},"type":"cond-expr","locations":[{"start":{"line":38,"column":14},"end":{"line":38,"column":108}},{"start":{"line":40,"column":14},"end":{"line":40,"column":111}}]},"1":{"loc":{"start":{"line":47,"column":25},"end":{"line":47,"column":59}},"type":"cond-expr","locations":[{"start":{"line":47,"column":41},"end":{"line":47,"column":48}},{"start":{"line":47,"column":51},"end":{"line":47,"column":59}}]}},"s":{"0":1,"1":1,"2":1,"3":1,"4":1,"5":1,"6":0,"7":1,"8":1},"f":{"0":1,"1":0},"b":{"0":[0,1],"1":[0,1]}}
,"C:\\Users\\NITRO\\Documents\\ubareact\\react-app\\src\\components\\passwordInput.tsx": {"path":"C:\\Users\\NITRO\\Documents\\ubareact\\react-app\\src\\components\\passwordInput.tsx","statementMap":{"0":{"start":{"line":15,"column":49},"end":{"line":39,"column":5}},"1":{"start":{"line":18,"column":8},"end":{"line":38,"column":null}},"2":{"start":{"line":40,"column":0},"end":{"line":40,"column":null}}},"fnMap":{"0":{"name":"(anonymous_0)","decl":{"start":{"line":15,"column":49},"end":{"line":15,"column":50}},"loc":{"start":{"line":16,"column":96},"end":{"line":39,"column":5}}}},"branchMap":{"0":{"loc":{"start":{"line":20,"column":29},"end":{"line":20,"column":56}},"type":"cond-expr","locations":[{"start":{"line":20,"column":39},"end":{"line":20,"column":45}},{"start":{"line":20,"column":46},"end":{"line":20,"column":56}}]}},"s":{"0":3,"1":65,"2":3},"f":{"0":65},"b":{"0":[2,63]}}
,"C:\\Users\\NITRO\\Documents\\ubareact\\react-app\\src\\hooks\\passwordToggler.tsx": {"path":"C:\\Users\\NITRO\\Documents\\ubareact\\react-app\\src\\hooks\\passwordToggler.tsx","statementMap":{"0":{"start":{"line":1,"column":0},"end":{"line":1,"column":33}},"1":{"start":{"line":3,"column":24},"end":{"line":16,"column":1}},"2":{"start":{"line":4,"column":37},"end":{"line":4,"column":73}},"3":{"start":{"line":6,"column":27},"end":{"line":11,"column":5}},"4":{"start":{"line":7,"column":8},"end":{"line":10,"column":null}},"5":{"start":{"line":7,"column":36},"end":{"line":10,"column":10}},"6":{"start":{"line":12,"column":25},"end":{"line":12,"column":65}},"7":{"start":{"line":12,"column":41},"end":{"line":12,"column":65}},"8":{"start":{"line":14,"column":0},"end":{"line":14,"column":null}},"9":{"start":{"line":17,"column":0},"end":{"line":17,"column":33}}},"fnMap":{"0":{"name":"(anonymous_0)","decl":{"start":{"line":3,"column":24},"end":{"line":3,"column":26}},"loc":{"start":{"line":3,"column":28},"end":{"line":16,"column":1}}},"1":{"name":"(anonymous_1)","decl":{"start":{"line":6,"column":27},"end":{"line":6,"column":28}},"loc":{"start":{"line":6,"column":43},"end":{"line":11,"column":5}}},"2":{"name":"(anonymous_2)","decl":{"start":{"line":7,"column":22},"end":{"line":7,"column":23}},"loc":{"start":{"line":7,"column":36},"end":{"line":10,"column":10}}},"3":{"name":"(anonymous_3)","decl":{"start":{"line":12,"column":25},"end":{"line":12,"column":26}},"loc":{"start":{"line":12,"column":41},"end":{"line":12,"column":65}}}},"branchMap":{"0":{"loc":{"start":{"line":12,"column":41},"end":{"line":12,"column":65}},"type":"binary-expr","locations":[{"start":{"line":12,"column":41},"end":{"line":12,"column":58}},{"start":{"line":12,"column":60},"end":{"line":12,"column":65}}]}},"s":{"0":3,"1":3,"2":40,"3":40,"4":4,"5":4,"6":40,"7":65,"8":40,"9":3},"f":{"0":40,"1":4,"2":4,"3":65},"b":{"0":[65,63]}}
,"C:\\Users\\NITRO\\Documents\\ubareact\\react-app\\src\\pages\\editprofilepage.tsx": {"path":"C:\\Users\\NITRO\\Documents\\ubareact\\react-app\\src\\pages\\editprofilepage.tsx","statementMap":{"0":{"start":{"line":2,"column":0},"end":{"line":2,"column":38}},"1":{"start":{"line":4,"column":33},"end":{"line":48,"column":1}},"2":{"start":{"line":5,"column":2},"end":{"line":47,"column":null}},"3":{"start":{"line":50,"column":0},"end":{"line":50,"column":null}}},"fnMap":{"0":{"name":"(anonymous_1)","decl":{"start":{"line":4,"column":33},"end":{"line":4,"column":36}},"loc":{"start":{"line":4,"column":38},"end":{"line":48,"column":1}}}},"branchMap":{},"s":{"0":1,"1":1,"2":0,"3":1},"f":{"0":0},"b":{}}
,"C:\\Users\\NITRO\\Documents\\ubareact\\react-app\\src\\pages\\loginPage.tsx": {"path":"C:\\Users\\NITRO\\Documents\\ubareact\\react-app\\src\\pages\\loginPage.tsx","statementMap":{"0":{"start":{"line":1,"column":0},"end":{"line":1,"column":32}},"1":{"start":{"line":3,"column":0},"end":{"line":3,"column":38}},"2":{"start":{"line":4,"column":0},"end":{"line":4,"column":39}},"3":{"start":{"line":5,"column":0},"end":{"line":5,"column":56}},"4":{"start":{"line":6,"column":0},"end":{"line":6,"column":57}},"5":{"start":{"line":8,"column":23},"end":{"line":108,"column":1}},"6":{"start":{"line":10,"column":47},"end":{"line":10,"column":66}},"7":{"start":{"line":12,"column":31},"end":{"line":15,"column":4}},"8":{"start":{"line":18,"column":27},"end":{"line":21,"column":4}},"9":{"start":{"line":22,"column":24},"end":{"line":48,"column":1}},"10":{"start":{"line":23,"column":14},"end":{"line":23,"column":18}},"11":{"start":{"line":24,"column":17},"end":{"line":24,"column":39}},"12":{"start":{"line":25,"column":2},"end":{"line":28,"column":3}},"13":{"start":{"line":26,"column":4},"end":{"line":26,"column":null}},"14":{"start":{"line":27,"column":4},"end":{"line":27,"column":null}},"15":{"start":{"line":30,"column":2},"end":{"line":45,"column":1}},"16":{"start":{"line":31,"column":4},"end":{"line":31,"column":null}},"17":{"start":{"line":32,"column":4},"end":{"line":32,"column":null}},"18":{"start":{"line":34,"column":7},"end":{"line":45,"column":1}},"19":{"start":{"line":35,"column":4},"end":{"line":35,"column":null}},"20":{"start":{"line":38,"column":24},"end":{"line":38,"column":31}},"21":{"start":{"line":39,"column":29},"end":{"line":39,"column":53}},"22":{"start":{"line":40,"column":4},"end":{"line":43,"column":5}},"23":{"start":{"line":41,"column":6},"end":{"line":41,"column":96}},"24":{"start":{"line":42,"column":6},"end":{"line":42,"column":22}},"25":{"start":{"line":46,"column":0},"end":{"line":46,"column":null}},"26":{"start":{"line":47,"column":0},"end":{"line":47,"column":null}},"27":{"start":{"line":51,"column":19},"end":{"line":56,"column":1}},"28":{"start":{"line":52,"column":2},"end":{"line":52,"column":21}},"29":{"start":{"line":53,"column":2},"end":{"line":55,"column":3}},"30":{"start":{"line":54,"column":4},"end":{"line":54,"column":null}},"31":{"start":{"line":58,"column":19},"end":{"line":65,"column":1}},"32":{"start":{"line":59,"column":22},"end":{"line":59,"column":30}},"33":{"start":{"line":60,"column":2},"end":{"line":63,"column":null}},"34":{"start":{"line":70,"column":2},"end":{"line":107,"column":null}},"35":{"start":{"line":91,"column":302},"end":{"line":91,"column":330}},"36":{"start":{"line":110,"column":0},"end":{"line":110,"column":null}}},"fnMap":{"0":{"name":"(anonymous_1)","decl":{"start":{"line":8,"column":23},"end":{"line":8,"column":26}},"loc":{"start":{"line":8,"column":28},"end":{"line":108,"column":1}}},"1":{"name":"(anonymous_2)","decl":{"start":{"line":22,"column":24},"end":{"line":22,"column":26}},"loc":{"start":{"line":22,"column":28},"end":{"line":48,"column":1}}},"2":{"name":"(anonymous_3)","decl":{"start":{"line":51,"column":19},"end":{"line":51,"column":20}},"loc":{"start":{"line":51,"column":57},"end":{"line":56,"column":1}}},"3":{"name":"(anonymous_4)","decl":{"start":{"line":58,"column":19},"end":{"line":58,"column":20}},"loc":{"start":{"line":58,"column":60},"end":{"line":65,"column":1}}},"4":{"name":"(anonymous_5)","decl":{"start":{"line":91,"column":298},"end":{"line":91,"column":300}},"loc":{"start":{"line":91,"column":302},"end":{"line":91,"column":330}}}},"branchMap":{"0":{"loc":{"start":{"line":25,"column":2},"end":{"line":28,"column":3}},"type":"if","locations":[{"start":{"line":25,"column":2},"end":{"line":28,"column":3}}]},"1":{"loc":{"start":{"line":30,"column":2},"end":{"line":45,"column":1}},"type":"if","locations":[{"start":{"line":30,"column":2},"end":{"line":45,"column":1}},{"start":{"line":34,"column":7},"end":{"line":45,"column":1}}]},"2":{"loc":{"start":{"line":34,"column":7},"end":{"line":45,"column":1}},"type":"if","locations":[{"start":{"line":34,"column":7},"end":{"line":45,"column":1}},{"start":{"line":37,"column":7},"end":{"line":45,"column":1}}]},"3":{"loc":{"start":{"line":40,"column":4},"end":{"line":43,"column":5}},"type":"if","locations":[{"start":{"line":40,"column":4},"end":{"line":43,"column":5}}]},"4":{"loc":{"start":{"line":40,"column":8},"end":{"line":40,"column":89}},"type":"binary-expr","locations":[{"start":{"line":40,"column":8},"end":{"line":40,"column":44}},{"start":{"line":40,"column":48},"end":{"line":40,"column":89}}]},"5":{"loc":{"start":{"line":53,"column":2},"end":{"line":55,"column":3}},"type":"if","locations":[{"start":{"line":53,"column":2},"end":{"line":55,"column":3}}]},"6":{"loc":{"start":{"line":84,"column":14},"end":{"line":84,"column":82}},"type":"binary-expr","locations":[{"start":{"line":84,"column":14},"end":{"line":84,"column":26}},{"start":{"line":84,"column":30},"end":{"line":84,"column":82}}]},"7":{"loc":{"start":{"line":92,"column":15},"end":{"line":92,"column":89}},"type":"binary-expr","locations":[{"start":{"line":92,"column":15},"end":{"line":92,"column":30}},{"start":{"line":92,"column":34},"end":{"line":92,"column":89}}]}},"s":{"0":2,"1":2,"2":2,"3":2,"4":2,"5":2,"6":15,"7":15,"8":15,"9":15,"10":4,"11":4,"12":4,"13":1,"14":1,"15":4,"16":1,"17":1,"18":3,"19":1,"20":2,"21":2,"22":2,"23":1,"24":1,"25":4,"26":4,"27":15,"28":4,"29":4,"30":2,"31":15,"32":6,"33":6,"34":15,"35":0,"36":2},"f":{"0":15,"1":4,"2":4,"3":6,"4":0},"b":{"0":[1],"1":[1,3],"2":[1,2],"3":[1],"4":[2,1],"5":[2],"6":[15,1],"7":[15,3]}}
,"C:\\Users\\NITRO\\Documents\\ubareact\\react-app\\src\\pages\\signupPage.tsx": {"path":"C:\\Users\\NITRO\\Documents\\ubareact\\react-app\\src\\pages\\signupPage.tsx","statementMap":{"0":{"start":{"line":1,"column":0},"end":{"line":1,"column":40}},"1":{"start":{"line":2,"column":0},"end":{"line":2,"column":38}},"2":{"start":{"line":3,"column":0},"end":{"line":3,"column":40}},"3":{"start":{"line":4,"column":0},"end":{"line":4,"column":56}},"4":{"start":{"line":5,"column":0},"end":{"line":5,"column":57}},"5":{"start":{"line":8,"column":24},"end":{"line":164,"column":1}},"6":{"start":{"line":9,"column":47},"end":{"line":9,"column":66}},"7":{"start":{"line":11,"column":31},"end":{"line":17,"column":4}},"8":{"start":{"line":19,"column":27},"end":{"line":24,"column":4}},"9":{"start":{"line":26,"column":27},"end":{"line":72,"column":3}},"10":{"start":{"line":27,"column":16},"end":{"line":27,"column":20}},"11":{"start":{"line":28,"column":19},"end":{"line":28,"column":68}},"12":{"start":{"line":29,"column":4},"end":{"line":32,"column":5}},"13":{"start":{"line":30,"column":6},"end":{"line":30,"column":null}},"14":{"start":{"line":31,"column":6},"end":{"line":31,"column":null}},"15":{"start":{"line":33,"column":4},"end":{"line":36,"column":5}},"16":{"start":{"line":34,"column":6},"end":{"line":34,"column":null}},"17":{"start":{"line":35,"column":6},"end":{"line":35,"column":null}},"18":{"start":{"line":37,"column":4},"end":{"line":61,"column":5}},"19":{"start":{"line":38,"column":6},"end":{"line":38,"column":null}},"20":{"start":{"line":39,"column":6},"end":{"line":39,"column":null}},"21":{"start":{"line":40,"column":10},"end":{"line":61,"column":5}},"22":{"start":{"line":41,"column":6},"end":{"line":41,"column":67}},"23":{"start":{"line":42,"column":6},"end":{"line":42,"column":null}},"24":{"start":{"line":45,"column":26},"end":{"line":45,"column":33}},"25":{"start":{"line":46,"column":31},"end":{"line":46,"column":55}},"26":{"start":{"line":47,"column":6},"end":{"line":60,"column":7}},"27":{"start":{"line":48,"column":8},"end":{"line":48,"column":100}},"28":{"start":{"line":49,"column":8},"end":{"line":49,"column":24}},"29":{"start":{"line":51,"column":10},"end":{"line":60,"column":7}},"30":{"start":{"line":52,"column":8},"end":{"line":52,"column":null}},"31":{"start":{"line":53,"column":8},"end":{"line":53,"column":null}},"32":{"start":{"line":57,"column":8},"end":{"line":59,"column":9}},"33":{"start":{"line":58,"column":10},"end":{"line":58,"column":null}},"34":{"start":{"line":66,"column":4},"end":{"line":66,"column":null}},"35":{"start":{"line":67,"column":4},"end":{"line":67,"column":null}},"36":{"start":{"line":68,"column":4},"end":{"line":68,"column":19}},"37":{"start":{"line":74,"column":19},"end":{"line":79,"column":1}},"38":{"start":{"line":75,"column":0},"end":{"line":75,"column":null}},"39":{"start":{"line":76,"column":0},"end":{"line":78,"column":1}},"40":{"start":{"line":77,"column":2},"end":{"line":77,"column":null}},"41":{"start":{"line":81,"column":19},"end":{"line":91,"column":1}},"42":{"start":{"line":83,"column":19},"end":{"line":83,"column":27}},"43":{"start":{"line":85,"column":0},"end":{"line":89,"column":null}},"44":{"start":{"line":94,"column":0},"end":{"line":163,"column":null}},"45":{"start":{"line":143,"column":302},"end":{"line":143,"column":330}},"46":{"start":{"line":153,"column":340},"end":{"line":153,"column":375}},"47":{"start":{"line":165,"column":0},"end":{"line":165,"column":null}}},"fnMap":{"0":{"name":"(anonymous_1)","decl":{"start":{"line":8,"column":24},"end":{"line":8,"column":26}},"loc":{"start":{"line":8,"column":28},"end":{"line":164,"column":1}}},"1":{"name":"(anonymous_2)","decl":{"start":{"line":26,"column":27},"end":{"line":26,"column":29}},"loc":{"start":{"line":26,"column":31},"end":{"line":72,"column":3}}},"2":{"name":"(anonymous_3)","decl":{"start":{"line":74,"column":19},"end":{"line":74,"column":20}},"loc":{"start":{"line":74,"column":57},"end":{"line":79,"column":1}}},"3":{"name":"(anonymous_4)","decl":{"start":{"line":81,"column":19},"end":{"line":81,"column":20}},"loc":{"start":{"line":81,"column":60},"end":{"line":91,"column":1}}},"4":{"name":"(anonymous_5)","decl":{"start":{"line":143,"column":298},"end":{"line":143,"column":300}},"loc":{"start":{"line":143,"column":302},"end":{"line":143,"column":330}}},"5":{"name":"(anonymous_6)","decl":{"start":{"line":153,"column":336},"end":{"line":153,"column":338}},"loc":{"start":{"line":153,"column":340},"end":{"line":153,"column":375}}}},"branchMap":{"0":{"loc":{"start":{"line":29,"column":4},"end":{"line":32,"column":5}},"type":"if","locations":[{"start":{"line":29,"column":4},"end":{"line":32,"column":5}}]},"1":{"loc":{"start":{"line":33,"column":4},"end":{"line":36,"column":5}},"type":"if","locations":[{"start":{"line":33,"column":4},"end":{"line":36,"column":5}}]},"2":{"loc":{"start":{"line":37,"column":4},"end":{"line":61,"column":5}},"type":"if","locations":[{"start":{"line":37,"column":4},"end":{"line":61,"column":5}},{"start":{"line":40,"column":10},"end":{"line":61,"column":5}}]},"3":{"loc":{"start":{"line":40,"column":10},"end":{"line":61,"column":5}},"type":"if","locations":[{"start":{"line":40,"column":10},"end":{"line":61,"column":5}},{"start":{"line":44,"column":9},"end":{"line":61,"column":5}}]},"4":{"loc":{"start":{"line":47,"column":6},"end":{"line":60,"column":7}},"type":"if","locations":[{"start":{"line":47,"column":6},"end":{"line":60,"column":7}},{"start":{"line":51,"column":10},"end":{"line":60,"column":7}}]},"5":{"loc":{"start":{"line":47,"column":10},"end":{"line":47,"column":90}},"type":"binary-expr","locations":[{"start":{"line":47,"column":10},"end":{"line":47,"column":46}},{"start":{"line":47,"column":49},"end":{"line":47,"column":90}}]},"6":{"loc":{"start":{"line":51,"column":10},"end":{"line":60,"column":7}},"type":"if","locations":[{"start":{"line":51,"column":10},"end":{"line":60,"column":7}},{"start":{"line":56,"column":10},"end":{"line":60,"column":7}}]},"7":{"loc":{"start":{"line":57,"column":8},"end":{"line":59,"column":9}},"type":"if","locations":[{"start":{"line":57,"column":8},"end":{"line":59,"column":9}}]},"8":{"loc":{"start":{"line":76,"column":0},"end":{"line":78,"column":1}},"type":"if","locations":[{"start":{"line":76,"column":0},"end":{"line":78,"column":1}}]},"9":{"loc":{"start":{"line":122,"column":15},"end":{"line":122,"column":81}},"type":"binary-expr","locations":[{"start":{"line":122,"column":15},"end":{"line":122,"column":26}},{"start":{"line":122,"column":30},"end":{"line":122,"column":81}}]},"10":{"loc":{"start":{"line":136,"column":27},"end":{"line":136,"column":95}},"type":"binary-expr","locations":[{"start":{"line":136,"column":27},"end":{"line":136,"column":39}},{"start":{"line":136,"column":43},"end":{"line":136,"column":95}}]},"11":{"loc":{"start":{"line":144,"column":15},"end":{"line":144,"column":89}},"type":"binary-expr","locations":[{"start":{"line":144,"column":15},"end":{"line":144,"column":30}},{"start":{"line":144,"column":34},"end":{"line":144,"column":89}}]},"12":{"loc":{"start":{"line":154,"column":15},"end":{"line":154,"column":103}},"type":"binary-expr","locations":[{"start":{"line":154,"column":15},"end":{"line":154,"column":37}},{"start":{"line":154,"column":41},"end":{"line":154,"column":103}}]}},"s":{"0":2,"1":2,"2":2,"3":2,"4":2,"5":2,"6":25,"7":25,"8":25,"9":25,"10":5,"11":5,"12":5,"13":4,"14":4,"15":5,"16":4,"17":4,"18":5,"19":1,"20":1,"21":4,"22":1,"23":1,"24":3,"25":3,"26":3,"27":1,"28":1,"29":2,"30":0,"31":0,"32":2,"33":1,"34":5,"35":5,"36":5,"37":25,"38":5,"39":5,"40":1,"41":25,"42":8,"43":8,"44":25,"45":2,"46":2,"47":2},"f":{"0":25,"1":5,"2":5,"3":8,"4":2,"5":2},"b":{"0":[4],"1":[4],"2":[1,4],"3":[1,3],"4":[1,2],"5":[3,2],"6":[0,2],"7":[1],"8":[1],"9":[25,4],"10":[25,4],"11":[25,3],"12":[25,1]}}
,"C:\\Users\\NITRO\\Documents\\ubareact\\react-app\\src\\pages\\userListingPage.tsx": {"path":"C:\\Users\\NITRO\\Documents\\ubareact\\react-app\\src\\pages\\userListingPage.tsx","statementMap":{"0":{"start":{"line":2,"column":0},"end":{"line":2,"column":51}},"1":{"start":{"line":3,"column":0},"end":{"line":3,"column":41}},"2":{"start":{"line":7,"column":33},"end":{"line":41,"column":1}},"3":{"start":{"line":9,"column":16},"end":{"line":9,"column":18}},"4":{"start":{"line":10,"column":0},"end":{"line":26,"column":1}},"5":{"start":{"line":10,"column":11},"end":{"line":10,"column":12}},"6":{"start":{"line":11,"column":4},"end":{"line":25,"column":null}},"7":{"start":{"line":29,"column":2},"end":{"line":40,"column":null}},"8":{"start":{"line":43,"column":0},"end":{"line":43,"column":null}}},"fnMap":{"0":{"name":"(anonymous_1)","decl":{"start":{"line":7,"column":33},"end":{"line":7,"column":36}},"loc":{"start":{"line":7,"column":38},"end":{"line":41,"column":1}}}},"branchMap":{},"s":{"0":2,"1":2,"2":2,"3":3,"4":3,"5":3,"6":303,"7":3,"8":2},"f":{"0":3},"b":{}}
}
