TN:
SF:src\App.tsx
FN:9,App
FNF:1
FNH:1
FNDA:1,App
DA:2,1
DA:3,1
DA:4,1
DA:5,1
DA:6,1
DA:7,1
DA:11,1
DA:24,1
LF:8
LH:8
BRF:0
BRH:0
end_of_record
TN:
SF:src\main.tsx
FNF:0
FNH:0
DA:1,0
DA:2,0
DA:3,0
DA:4,0
DA:6,0
LF:5
LH:0
BRF:0
BRH:0
end_of_record
TN:
SF:src\components\navbar.tsx
FN:7,(anonymous_1)
FN:12,(anonymous_2)
FNF:2
FNH:1
FNDA:1,(anonymous_1)
FNDA:0,(anonymous_2)
DA:2,1
DA:3,1
DA:4,1
DA:7,1
DA:11,1
DA:12,1
DA:14,1
DA:166,1
LF:8
LH:8
BRDA:37,0,0,0
BRDA:37,0,1,1
BRDA:47,1,0,0
BRDA:47,1,1,1
BRF:4
BRH:2
end_of_record
TN:
SF:src\components\passwordInput.tsx
FN:14,(anonymous_0)
FNF:1
FNH:1
FNDA:53,(anonymous_0)
DA:14,3
DA:17,53
DA:38,3
LF:3
LH:3
BRDA:19,0,0,0
BRDA:19,0,1,53
BRF:2
BRH:1
end_of_record
TN:
SF:src\hooks\passwordToggler.tsx
FN:3,(anonymous_0)
FN:6,(anonymous_1)
FN:7,(anonymous_2)
FN:12,(anonymous_3)
FNF:4
FNH:2
FNDA:34,(anonymous_0)
FNDA:0,(anonymous_1)
FNDA:0,(anonymous_2)
FNDA:53,(anonymous_3)
DA:1,3
DA:3,3
DA:4,34
DA:6,34
DA:7,0
DA:12,53
DA:14,34
DA:17,3
LF:8
LH:7
BRDA:12,0,0,53
BRDA:12,0,1,53
BRF:2
BRH:2
end_of_record
TN:
SF:src\pages\editprofilepage.tsx
FN:4,(anonymous_1)
FNF:1
FNH:0
FNDA:0,(anonymous_1)
DA:2,1
DA:4,1
DA:5,0
DA:50,1
LF:4
LH:3
BRF:0
BRH:0
end_of_record
TN:
SF:src\pages\loginPage.tsx
FN:8,(anonymous_1)
FN:22,(anonymous_2)
FN:51,(anonymous_3)
FN:58,(anonymous_4)
FN:91,(anonymous_5)
FNF:5
FNH:4
FNDA:15,(anonymous_1)
FNDA:4,(anonymous_2)
FNDA:4,(anonymous_3)
FNDA:6,(anonymous_4)
FNDA:0,(anonymous_5)
DA:1,2
DA:3,2
DA:4,2
DA:5,2
DA:6,2
DA:8,2
DA:10,15
DA:12,15
DA:18,15
DA:22,15
DA:23,4
DA:24,4
DA:25,4
DA:26,1
DA:27,1
DA:30,4
DA:31,1
DA:32,1
DA:34,3
DA:35,1
DA:38,2
DA:39,2
DA:40,2
DA:41,1
DA:42,1
DA:46,4
DA:47,4
DA:51,15
DA:52,4
DA:53,4
DA:54,2
DA:58,15
DA:59,6
DA:60,6
DA:70,15
DA:91,0
DA:110,2
LF:37
LH:36
BRDA:25,0,0,1
BRDA:30,1,0,1
BRDA:30,1,1,3
BRDA:34,2,0,1
BRDA:34,2,1,2
BRDA:40,3,0,1
BRDA:40,4,0,2
BRDA:40,4,1,1
BRDA:53,5,0,2
BRDA:84,6,0,15
BRDA:84,6,1,1
BRDA:92,7,0,15
BRDA:92,7,1,3
BRF:13
BRH:13
end_of_record
TN:
SF:src\pages\signupPage.tsx
FN:8,(anonymous_1)
FN:26,(anonymous_2)
FN:74,(anonymous_3)
FN:81,(anonymous_4)
FN:143,(anonymous_5)
FN:153,(anonymous_6)
FNF:6
FNH:4
FNDA:19,(anonymous_1)
FNDA:5,(anonymous_2)
FNDA:5,(anonymous_3)
FNDA:8,(anonymous_4)
FNDA:0,(anonymous_5)
FNDA:0,(anonymous_6)
DA:1,2
DA:2,2
DA:3,2
DA:4,2
DA:5,2
DA:8,2
DA:9,19
DA:11,19
DA:19,19
DA:26,19
DA:27,5
DA:28,5
DA:29,5
DA:30,4
DA:31,4
DA:33,5
DA:34,4
DA:35,4
DA:37,5
DA:38,1
DA:39,1
DA:40,4
DA:41,1
DA:42,1
DA:45,3
DA:46,3
DA:47,3
DA:48,1
DA:49,1
DA:51,2
DA:52,0
DA:53,0
DA:57,2
DA:58,1
DA:66,5
DA:67,5
DA:68,5
DA:74,19
DA:75,5
DA:76,5
DA:77,1
DA:81,19
DA:83,8
DA:85,8
DA:94,19
DA:143,0
DA:153,0
DA:165,2
LF:48
LH:44
BRDA:29,0,0,4
BRDA:33,1,0,4
BRDA:37,2,0,1
BRDA:37,2,1,4
BRDA:40,3,0,1
BRDA:40,3,1,3
BRDA:47,4,0,1
BRDA:47,4,1,2
BRDA:47,5,0,3
BRDA:47,5,1,2
BRDA:51,6,0,0
BRDA:51,6,1,2
BRDA:57,7,0,1
BRDA:76,8,0,1
BRDA:122,9,0,19
BRDA:122,9,1,4
BRDA:136,10,0,19
BRDA:136,10,1,4
BRDA:144,11,0,19
BRDA:144,11,1,3
BRDA:154,12,0,19
BRDA:154,12,1,1
BRF:22
BRH:21
end_of_record
TN:
SF:src\pages\userListingPage.tsx
FN:7,(anonymous_1)
FNF:1
FNH:1
FNDA:3,(anonymous_1)
DA:2,2
DA:3,2
DA:7,2
DA:9,3
DA:10,3
DA:11,303
DA:29,3
DA:43,2
LF:8
LH:8
BRF:0
BRH:0
end_of_record
